{"uuid":"015cd641-edef-4418-9958-76d4e4e23566","historyId":"ea9fad63a19f5aa38dddcee68ad3a3ab","testCaseId":"[engine:junit-jupiter]/[class:uitests.tasks.AddNewDeratizationTaskTest]/[method:addNewDeratizationTask()]","testCaseName":"RAT-2489 Создание задания по дератизации","fullName":"uitests.tasks.AddNewDeratizationTaskTest.addNewDeratizationTask","labels":[{"name":"tag","value":"TASK"},{"name":"tag","value":"EPIZOOTOLOGY"},{"name":"tag","value":"REGRESS"},{"name":"junit.platform.uniqueid","value":"[engine:junit-jupiter]/[class:uitests.tasks.AddNewDeratizationTaskTest]/[method:addNewDeratizationTask()]"},{"name":"host","value":"WIN-3RAHDNDFC19"},{"name":"thread","value":"29668@WIN-3RAHDNDFC19.Test worker(1)"},{"name":"framework","value":"junit-platform"},{"name":"language","value":"java"},{"name":"package","value":"uitests.tasks.AddNewDeratizationTaskTest"},{"name":"testClass","value":"uitests.tasks.AddNewDeratizationTaskTest"},{"name":"testMethod","value":"addNewDeratizationTask"},{"name":"suite","value":"uitests.tasks.AddNewDeratizationTaskTest"}],"links":[],"name":"RAT-2489 Создание задания по дератизации","status":"failed","statusDetails":{"known":false,"muted":false,"flaky":false,"message":"Element not found {By.xpath: //h2[text()='Новое задание']}\r\nExpected: be visible\r\nScreenshot: file:/C:/Users/User/Desktop/mentor/build/reports/tests/1729697221086.0.png\r\nPage source: file:/C:/Users/User/Desktop/mentor/build/reports/tests/1729697221086.0.html\r\nTimeout: 25 s.\r\nCaused by: NoSuchElementException: Unable to locate element: //h2[text()='Новое задание']","trace":"Element not found {By.xpath: //h2[text()='Новое задание']}\r\nExpected: be visible\r\nScreenshot: file:/C:/Users/User/Desktop/mentor/build/reports/tests/1729697221086.0.png\r\nPage source: file:/C:/Users/User/Desktop/mentor/build/reports/tests/1729697221086.0.html\r\nTimeout: 25 s.\r\nCaused by: NoSuchElementException: Unable to locate element: //h2[text()='Новое задание']\r\n\tat com.codeborne.selenide.impl.WebElementSource.createElementNotFoundError(WebElementSource.java:90)\r\n\tat com.codeborne.selenide.impl.ElementFinder.createElementNotFoundError(ElementFinder.java:142)\r\n\tat com.codeborne.selenide.impl.WebElementSource.handleError(WebElementSource.java:142)\r\n\tat com.codeborne.selenide.impl.WebElementSource.checkConditionAndReturnElement(WebElementSource.java:126)\r\n\tat com.codeborne.selenide.impl.WebElementSource.checkCondition(WebElementSource.java:103)\r\n\tat com.codeborne.selenide.commands.Should.execute(Should.java:30)\r\n\tat com.codeborne.selenide.commands.Should.execute(Should.java:14)\r\n\tat com.codeborne.selenide.commands.Commands.execute(Commands.java:162)\r\n\tat com.codeborne.selenide.impl.SelenideElementProxy.dispatchAndRetry(SelenideElementProxy.java:134)\r\n\tat com.codeborne.selenide.impl.SelenideElementProxy.invoke(SelenideElementProxy.java:86)\r\n\tat jdk.proxy3/jdk.proxy3.$Proxy26.should(Unknown Source)\r\n\tat steps.task.EditTaskSteps.<init>(EditTaskSteps.java:18)\r\n\tat steps.lists.TasksListSteps.addNewTask(TasksListSteps.java:52)\r\n\tat uitests.tasks.AddNewDeratizationTaskTest.addNewDeratizationTask(AddNewDeratizationTaskTest.java:63)\r\n\tat java.base/java.lang.reflect.Method.invoke(Method.java:568)\r\n\tat java.base/java.util.ArrayList.forEach(ArrayList.java:1511)\r\n\tat java.base/java.util.ArrayList.forEach(ArrayList.java:1511)\r\nCaused by: org.openqa.selenium.NoSuchElementException: Unable to locate element: //h2[text()='Новое задание']\nFor documentation on this error, please visit: https://www.selenium.dev/documentation/webdriver/troubleshooting/errors#no-such-element-exception\nBuild info: version: '4.23.0', revision: '4df0a231af'\nSystem info: os.name: 'Windows 10', os.arch: 'amd64', os.version: '10.0', java.version: '17.0.12'\nDriver info: org.openqa.selenium.firefox.FirefoxDriver\nCommand: [b7a702cf-5cdd-4866-9562-5d34ea0bfe15, findElement {using=xpath, value=//h2[text()='Новое задание']}]\nCapabilities {acceptInsecureCerts: true, browserName: firefox, browserVersion: 131.0.3, moz:accessibilityChecks: false, moz:buildID: 20241011205646, moz:debuggerAddress: 127.0.0.1:43082, moz:geckodriverVersion: 0.35.0, moz:headless: false, moz:platformVersion: 10.0, moz:processID: 20404, moz:profile: C:\\Users\\User\\AppData\\Local..., moz:shutdownTimeout: 60000, moz:webdriverClick: true, moz:windowless: false, pageLoadStrategy: normal, platformName: windows, proxy: Proxy(), se:cdp: ws://127.0.0.1:43082/devtoo..., se:cdpVersion: 85.0, setWindowRect: true, strictFileInteractability: false, timeouts: {implicit: 0, pageLoad: 300000, script: 30000}, unhandledPromptBehavior: accept, userAgent: Mozilla/5.0 (Windows NT 10....}\nSession ID: b7a702cf-5cdd-4866-9562-5d34ea0bfe15\r\n\tat jdk.internal.reflect.GeneratedConstructorAccessor29.newInstance(Unknown Source)\r\n\tat java.base/jdk.internal.reflect.DelegatingConstructorAccessorImpl.newInstance(DelegatingConstructorAccessorImpl.java:45)\r\n\tat java.base/java.lang.reflect.Constructor.newInstanceWithCaller(Constructor.java:499)\r\n\tat java.base/java.lang.reflect.Constructor.newInstance(Constructor.java:480)\r\n\tat org.openqa.selenium.remote.ErrorCodec.decode(ErrorCodec.java:167)\r\n\tat org.openqa.selenium.remote.codec.w3c.W3CHttpResponseCodec.decode(W3CHttpResponseCodec.java:138)\r\n\tat org.openqa.selenium.remote.codec.w3c.W3CHttpResponseCodec.decode(W3CHttpResponseCodec.java:50)\r\n\tat org.openqa.selenium.remote.HttpCommandExecutor.execute(HttpCommandExecutor.java:190)\r\n\tat org.openqa.selenium.remote.service.DriverCommandExecutor.invokeExecute(DriverCommandExecutor.java:216)\r\n\tat org.openqa.selenium.remote.service.DriverCommandExecutor.execute(DriverCommandExecutor.java:174)\r\n\tat org.openqa.selenium.remote.RemoteWebDriver.execute(RemoteWebDriver.java:527)\r\n\tat org.openqa.selenium.remote.ElementLocation$ElementFinder$2.findElement(ElementLocation.java:165)\r\n\tat org.openqa.selenium.remote.ElementLocation.findElement(ElementLocation.java:59)\r\n\tat org.openqa.selenium.remote.RemoteWebDriver.findElement(RemoteWebDriver.java:357)\r\n\tat org.openqa.selenium.remote.RemoteWebDriver.findElement(RemoteWebDriver.java:351)\r\n\tat com.codeborne.selenide.impl.WebElementSelector.findElement(WebElementSelector.java:73)\r\n\tat com.codeborne.selenide.impl.WebElementSelector.findElement(WebElementSelector.java:46)\r\n\tat com.codeborne.selenide.impl.WebElementSelector.findElement(WebElementSelector.java:35)\r\n\tat com.codeborne.selenide.impl.ElementFinder.getWebElement(ElementFinder.java:122)\r\n\tat com.codeborne.selenide.impl.WebElementSource.checkConditionAndReturnElement(WebElementSource.java:115)\r\n\t... 13 more\r\n"},"stage":"finished","description":"","steps":[{"name":"Переход из сайдбара на страницу Список заданий","status":"passed","stage":"finished","steps":[{"name":"$(\"By.xpath: //button[contains(text(), 'Задания')]\") should(interactable)","status":"passed","stage":"finished","steps":[],"attachments":[],"parameters":[],"start":1729697159252,"stop":1729697160283},{"name":"$(\"By.xpath: //button[contains(text(), 'Задания')]\") click()","status":"passed","stage":"finished","steps":[],"attachments":[],"parameters":[],"start":1729697160283,"stop":1729697160537},{"name":"$(\"By.xpath: //a[@href='/tasks']\") should(interactable)","status":"passed","stage":"finished","steps":[],"attachments":[],"parameters":[],"start":1729697160537,"stop":1729697160552},{"name":"$(\"By.xpath: //a[@href='/tasks']\") click()","status":"passed","stage":"finished","steps":[],"attachments":[],"parameters":[],"start":1729697160552,"stop":1729697161538},{"name":"$(\"By.xpath: //*[@class='modal-busy d-none']\") should(exist)","status":"passed","stage":"finished","steps":[],"attachments":[],"parameters":[],"start":1729697161538,"stop":1729697161559},{"name":"$(\"By.xpath: //h2[text()='Задания']\") should(be visible)","status":"passed","stage":"finished","steps":[],"attachments":[],"parameters":[],"start":1729697161571,"stop":1729697162821}],"attachments":[],"parameters":[],"start":1729697159204,"stop":1729697162822},{"name":"Создание нового задания","status":"failed","statusDetails":{"known":false,"muted":false,"flaky":false,"message":"Element not found {By.xpath: //h2[text()='Новое задание']}\r\nExpected: be visible\r\nScreenshot: file:/C:/Users/User/Desktop/mentor/build/reports/tests/1729697221086.0.png\r\nPage source: file:/C:/Users/User/Desktop/mentor/build/reports/tests/1729697221086.0.html\r\nTimeout: 25 s.\r\nCaused by: NoSuchElementException: Unable to locate element: //h2[text()='Новое задание']","trace":"Element not found {By.xpath: //h2[text()='Новое задание']}\r\nExpected: be visible\r\nScreenshot: file:/C:/Users/User/Desktop/mentor/build/reports/tests/1729697221086.0.png\r\nPage source: file:/C:/Users/User/Desktop/mentor/build/reports/tests/1729697221086.0.html\r\nTimeout: 25 s.\r\nCaused by: NoSuchElementException: Unable to locate element: //h2[text()='Новое задание']\r\n\tat com.codeborne.selenide.impl.WebElementSource.createElementNotFoundError(WebElementSource.java:90)\r\n\tat com.codeborne.selenide.impl.ElementFinder.createElementNotFoundError(ElementFinder.java:142)\r\n\tat com.codeborne.selenide.impl.WebElementSource.handleError(WebElementSource.java:142)\r\n\tat com.codeborne.selenide.impl.WebElementSource.checkConditionAndReturnElement(WebElementSource.java:126)\r\n\tat com.codeborne.selenide.impl.WebElementSource.checkCondition(WebElementSource.java:103)\r\n\tat com.codeborne.selenide.commands.Should.execute(Should.java:30)\r\n\tat com.codeborne.selenide.commands.Should.execute(Should.java:14)\r\n\tat com.codeborne.selenide.commands.Commands.execute(Commands.java:162)\r\n\tat com.codeborne.selenide.impl.SelenideElementProxy.dispatchAndRetry(SelenideElementProxy.java:134)\r\n\tat com.codeborne.selenide.impl.SelenideElementProxy.invoke(SelenideElementProxy.java:86)\r\n\tat jdk.proxy3/jdk.proxy3.$Proxy26.should(Unknown Source)\r\n\tat steps.task.EditTaskSteps.<init>(EditTaskSteps.java:18)\r\n\tat steps.lists.TasksListSteps.addNewTask(TasksListSteps.java:52)\r\n\tat uitests.tasks.AddNewDeratizationTaskTest.addNewDeratizationTask(AddNewDeratizationTaskTest.java:63)\r\n\tat java.base/jdk.internal.reflect.NativeMethodAccessorImpl.invoke0(Native Method)\r\n\tat java.base/jdk.internal.reflect.NativeMethodAccessorImpl.invoke(NativeMethodAccessorImpl.java:77)\r\n\tat java.base/jdk.internal.reflect.DelegatingMethodAccessorImpl.invoke(DelegatingMethodAccessorImpl.java:43)\r\n\tat java.base/java.lang.reflect.Method.invoke(Method.java:568)\r\n\tat org.junit.platform.commons.util.ReflectionUtils.invokeMethod(ReflectionUtils.java:728)\r\n\tat org.junit.jupiter.engine.execution.MethodInvocation.proceed(MethodInvocation.java:60)\r\n\tat org.junit.jupiter.engine.execution.InvocationInterceptorChain$ValidatingInvocation.proceed(InvocationInterceptorChain.java:131)\r\n\tat org.junit.jupiter.api.extension.InvocationInterceptor.interceptTestMethod(InvocationInterceptor.java:119)\r\n\tat org.junit.jupiter.engine.execution.InterceptingExecutableInvoker$ReflectiveInterceptorCall.lambda$ofVoidMethod$0(InterceptingExecutableInvoker.java:103)\r\n\tat org.junit.jupiter.engine.execution.InterceptingExecutableInvoker.lambda$invoke$0(InterceptingExecutableInvoker.java:93)\r\n\tat org.junit.jupiter.engine.execution.InvocationInterceptorChain$InterceptedInvocation.proceed(InvocationInterceptorChain.java:106)\r\n\tat org.junit.jupiter.engine.extension.TimeoutExtension.intercept(TimeoutExtension.java:156)\r\n\tat org.junit.jupiter.engine.extension.TimeoutExtension.interceptTestableMethod(TimeoutExtension.java:147)\r\n\tat org.junit.jupiter.engine.extension.TimeoutExtension.interceptTestMethod(TimeoutExtension.java:86)\r\n\tat org.junit.jupiter.engine.execution.InterceptingExecutableInvoker$ReflectiveInterceptorCall.lambda$ofVoidMethod$0(InterceptingExecutableInvoker.java:103)\r\n\tat org.junit.jupiter.engine.execution.InterceptingExecutableInvoker.lambda$invoke$0(InterceptingExecutableInvoker.java:93)\r\n\tat org.junit.jupiter.engine.execution.InvocationInterceptorChain$InterceptedInvocation.proceed(InvocationInterceptorChain.java:106)\r\n\tat org.junit.jupiter.engine.execution.InvocationInterceptorChain.proceed(InvocationInterceptorChain.java:64)\r\n\tat org.junit.jupiter.engine.execution.InvocationInterceptorChain.chainAndInvoke(InvocationInterceptorChain.java:45)\r\n\tat org.junit.jupiter.engine.execution.InvocationInterceptorChain.invoke(InvocationInterceptorChain.java:37)\r\n\tat org.junit.jupiter.engine.execution.InterceptingExecutableInvoker.invoke(InterceptingExecutableInvoker.java:92)\r\n\tat org.junit.jupiter.engine.execution.InterceptingExecutableInvoker.invoke(InterceptingExecutableInvoker.java:86)\r\n\tat org.junit.jupiter.engine.descriptor.TestMethodTestDescriptor.lambda$invokeTestMethod$7(TestMethodTestDescriptor.java:218)\r\n\tat org.junit.platform.engine.support.hierarchical.ThrowableCollector.execute(ThrowableCollector.java:73)\r\n\tat org.junit.jupiter.engine.descriptor.TestMethodTestDescriptor.invokeTestMethod(TestMethodTestDescriptor.java:214)\r\n\tat org.junit.jupiter.engine.descriptor.TestMethodTestDescriptor.execute(TestMethodTestDescriptor.java:139)\r\n\tat org.junit.jupiter.engine.descriptor.TestMethodTestDescriptor.execute(TestMethodTestDescriptor.java:69)\r\n\tat org.junit.platform.engine.support.hierarchical.NodeTestTask.lambda$executeRecursively$6(NodeTestTask.java:151)\r\n\tat org.junit.platform.engine.support.hierarchical.ThrowableCollector.execute(ThrowableCollector.java:73)\r\n\tat org.junit.platform.engine.support.hierarchical.NodeTestTask.lambda$executeRecursively$8(NodeTestTask.java:141)\r\n\tat org.junit.platform.engine.support.hierarchical.Node.around(Node.java:137)\r\n\tat org.junit.platform.engine.support.hierarchical.NodeTestTask.lambda$executeRecursively$9(NodeTestTask.java:139)\r\n\tat org.junit.platform.engine.support.hierarchical.ThrowableCollector.execute(ThrowableCollector.java:73)\r\n\tat org.junit.platform.engine.support.hierarchical.NodeTestTask.executeRecursively(NodeTestTask.java:138)\r\n\tat org.junit.platform.engine.support.hierarchical.NodeTestTask.execute(NodeTestTask.java:95)\r\n\tat java.base/java.util.ArrayList.forEach(ArrayList.java:1511)\r\n\tat org.junit.platform.engine.support.hierarchical.SameThreadHierarchicalTestExecutorService.invokeAll(SameThreadHierarchicalTestExecutorService.java:41)\r\n\tat org.junit.platform.engine.support.hierarchical.NodeTestTask.lambda$executeRecursively$6(NodeTestTask.java:155)\r\n\tat org.junit.platform.engine.support.hierarchical.ThrowableCollector.execute(ThrowableCollector.java:73)\r\n\tat org.junit.platform.engine.support.hierarchical.NodeTestTask.lambda$executeRecursively$8(NodeTestTask.java:141)\r\n\tat org.junit.platform.engine.support.hierarchical.Node.around(Node.java:137)\r\n\tat org.junit.platform.engine.support.hierarchical.NodeTestTask.lambda$executeRecursively$9(NodeTestTask.java:139)\r\n\tat org.junit.platform.engine.support.hierarchical.ThrowableCollector.execute(ThrowableCollector.java:73)\r\n\tat org.junit.platform.engine.support.hierarchical.NodeTestTask.executeRecursively(NodeTestTask.java:138)\r\n\tat org.junit.platform.engine.support.hierarchical.NodeTestTask.execute(NodeTestTask.java:95)\r\n\tat java.base/java.util.ArrayList.forEach(ArrayList.java:1511)\r\n\tat org.junit.platform.engine.support.hierarchical.SameThreadHierarchicalTestExecutorService.invokeAll(SameThreadHierarchicalTestExecutorService.java:41)\r\n\tat org.junit.platform.engine.support.hierarchical.NodeTestTask.lambda$executeRecursively$6(NodeTestTask.java:155)\r\n\tat org.junit.platform.engine.support.hierarchical.ThrowableCollector.execute(ThrowableCollector.java:73)\r\n\tat org.junit.platform.engine.support.hierarchical.NodeTestTask.lambda$executeRecursively$8(NodeTestTask.java:141)\r\n\tat org.junit.platform.engine.support.hierarchical.Node.around(Node.java:137)\r\n\tat org.junit.platform.engine.support.hierarchical.NodeTestTask.lambda$executeRecursively$9(NodeTestTask.java:139)\r\n\tat org.junit.platform.engine.support.hierarchical.ThrowableCollector.execute(ThrowableCollector.java:73)\r\n\tat org.junit.platform.engine.support.hierarchical.NodeTestTask.executeRecursively(NodeTestTask.java:138)\r\n\tat org.junit.platform.engine.support.hierarchical.NodeTestTask.execute(NodeTestTask.java:95)\r\n\tat org.junit.platform.engine.support.hierarchical.SameThreadHierarchicalTestExecutorService.submit(SameThreadHierarchicalTestExecutorService.java:35)\r\n\tat org.junit.platform.engine.support.hierarchical.HierarchicalTestExecutor.execute(HierarchicalTestExecutor.java:57)\r\n\tat org.junit.platform.engine.support.hierarchical.HierarchicalTestEngine.execute(HierarchicalTestEngine.java:54)\r\n\tat org.junit.platform.launcher.core.EngineExecutionOrchestrator.execute(EngineExecutionOrchestrator.java:198)\r\n\tat org.junit.platform.launcher.core.EngineExecutionOrchestrator.execute(EngineExecutionOrchestrator.java:169)\r\n\tat org.junit.platform.launcher.core.EngineExecutionOrchestrator.execute(EngineExecutionOrchestrator.java:93)\r\n\tat org.junit.platform.launcher.core.EngineExecutionOrchestrator.lambda$execute$0(EngineExecutionOrchestrator.java:58)\r\n\tat org.junit.platform.launcher.core.EngineExecutionOrchestrator.withInterceptedStreams(EngineExecutionOrchestrator.java:141)\r\n\tat org.junit.platform.launcher.core.EngineExecutionOrchestrator.execute(EngineExecutionOrchestrator.java:57)\r\n\tat org.junit.platform.launcher.core.DefaultLauncher.execute(DefaultLauncher.java:103)\r\n\tat org.junit.platform.launcher.core.DefaultLauncher.execute(DefaultLauncher.java:85)\r\n\tat org.junit.platform.launcher.core.DelegatingLauncher.execute(DelegatingLauncher.java:47)\r\n\tat org.junit.platform.launcher.core.SessionPerRequestLauncher.execute(SessionPerRequestLauncher.java:63)\r\n\tat org.gradle.api.internal.tasks.testing.junitplatform.JUnitPlatformTestClassProcessor$CollectAllTestClassesExecutor.processAllTestClasses(JUnitPlatformTestClassProcessor.java:99)\r\n\tat org.gradle.api.internal.tasks.testing.junitplatform.JUnitPlatformTestClassProcessor$CollectAllTestClassesExecutor.access$000(JUnitPlatformTestClassProcessor.java:79)\r\n\tat org.gradle.api.internal.tasks.testing.junitplatform.JUnitPlatformTestClassProcessor.stop(JUnitPlatformTestClassProcessor.java:75)\r\n\tat org.gradle.api.internal.tasks.testing.SuiteTestClassProcessor.stop(SuiteTestClassProcessor.java:61)\r\n\tat java.base/jdk.internal.reflect.NativeMethodAccessorImpl.invoke0(Native Method)\r\n\tat java.base/jdk.internal.reflect.NativeMethodAccessorImpl.invoke(NativeMethodAccessorImpl.java:77)\r\n\tat java.base/jdk.internal.reflect.DelegatingMethodAccessorImpl.invoke(DelegatingMethodAccessorImpl.java:43)\r\n\tat java.base/java.lang.reflect.Method.invoke(Method.java:568)\r\n\tat org.gradle.internal.dispatch.ReflectionDispatch.dispatch(ReflectionDispatch.java:36)\r\n\tat org.gradle.internal.dispatch.ReflectionDispatch.dispatch(ReflectionDispatch.java:24)\r\n\tat org.gradle.internal.dispatch.ContextClassLoaderDispatch.dispatch(ContextClassLoaderDispatch.java:33)\r\n\tat org.gradle.internal.dispatch.ProxyDispatchAdapter$DispatchingInvocationHandler.invoke(ProxyDispatchAdapter.java:94)\r\n\tat jdk.proxy1/jdk.proxy1.$Proxy2.stop(Unknown Source)\r\n\tat org.gradle.api.internal.tasks.testing.worker.TestWorker$3.run(TestWorker.java:193)\r\n\tat org.gradle.api.internal.tasks.testing.worker.TestWorker.executeAndMaintainThreadName(TestWorker.java:129)\r\n\tat org.gradle.api.internal.tasks.testing.worker.TestWorker.execute(TestWorker.java:100)\r\n\tat org.gradle.api.internal.tasks.testing.worker.TestWorker.execute(TestWorker.java:60)\r\n\tat org.gradle.process.internal.worker.child.ActionExecutionWorker.execute(ActionExecutionWorker.java:56)\r\n\tat org.gradle.process.internal.worker.child.SystemApplicationClassLoaderWorker.call(SystemApplicationClassLoaderWorker.java:133)\r\n\tat org.gradle.process.internal.worker.child.SystemApplicationClassLoaderWorker.call(SystemApplicationClassLoaderWorker.java:71)\r\n\tat worker.org.gradle.process.internal.worker.GradleWorkerMain.run(GradleWorkerMain.java:69)\r\n\tat worker.org.gradle.process.internal.worker.GradleWorkerMain.main(GradleWorkerMain.java:74)\r\nCaused by: org.openqa.selenium.NoSuchElementException: Unable to locate element: //h2[text()='Новое задание']\nFor documentation on this error, please visit: https://www.selenium.dev/documentation/webdriver/troubleshooting/errors#no-such-element-exception\nBuild info: version: '4.23.0', revision: '4df0a231af'\nSystem info: os.name: 'Windows 10', os.arch: 'amd64', os.version: '10.0', java.version: '17.0.12'\nDriver info: org.openqa.selenium.firefox.FirefoxDriver\nCommand: [b7a702cf-5cdd-4866-9562-5d34ea0bfe15, findElement {using=xpath, value=//h2[text()='Новое задание']}]\nCapabilities {acceptInsecureCerts: true, browserName: firefox, browserVersion: 131.0.3, moz:accessibilityChecks: false, moz:buildID: 20241011205646, moz:debuggerAddress: 127.0.0.1:43082, moz:geckodriverVersion: 0.35.0, moz:headless: false, moz:platformVersion: 10.0, moz:processID: 20404, moz:profile: C:\\Users\\User\\AppData\\Local..., moz:shutdownTimeout: 60000, moz:webdriverClick: true, moz:windowless: false, pageLoadStrategy: normal, platformName: windows, proxy: Proxy(), se:cdp: ws://127.0.0.1:43082/devtoo..., se:cdpVersion: 85.0, setWindowRect: true, strictFileInteractability: false, timeouts: {implicit: 0, pageLoad: 300000, script: 30000}, unhandledPromptBehavior: accept, userAgent: Mozilla/5.0 (Windows NT 10....}\nSession ID: b7a702cf-5cdd-4866-9562-5d34ea0bfe15\r\n\tat jdk.internal.reflect.GeneratedConstructorAccessor29.newInstance(Unknown Source)\r\n\tat java.base/jdk.internal.reflect.DelegatingConstructorAccessorImpl.newInstance(DelegatingConstructorAccessorImpl.java:45)\r\n\tat java.base/java.lang.reflect.Constructor.newInstanceWithCaller(Constructor.java:499)\r\n\tat java.base/java.lang.reflect.Constructor.newInstance(Constructor.java:480)\r\n\tat org.openqa.selenium.remote.ErrorCodec.decode(ErrorCodec.java:167)\r\n\tat org.openqa.selenium.remote.codec.w3c.W3CHttpResponseCodec.decode(W3CHttpResponseCodec.java:138)\r\n\tat org.openqa.selenium.remote.codec.w3c.W3CHttpResponseCodec.decode(W3CHttpResponseCodec.java:50)\r\n\tat org.openqa.selenium.remote.HttpCommandExecutor.execute(HttpCommandExecutor.java:190)\r\n\tat org.openqa.selenium.remote.service.DriverCommandExecutor.invokeExecute(DriverCommandExecutor.java:216)\r\n\tat org.openqa.selenium.remote.service.DriverCommandExecutor.execute(DriverCommandExecutor.java:174)\r\n\tat org.openqa.selenium.remote.RemoteWebDriver.execute(RemoteWebDriver.java:527)\r\n\tat org.openqa.selenium.remote.ElementLocation$ElementFinder$2.findElement(ElementLocation.java:165)\r\n\tat org.openqa.selenium.remote.ElementLocation.findElement(ElementLocation.java:59)\r\n\tat org.openqa.selenium.remote.RemoteWebDriver.findElement(RemoteWebDriver.java:357)\r\n\tat org.openqa.selenium.remote.RemoteWebDriver.findElement(RemoteWebDriver.java:351)\r\n\tat com.codeborne.selenide.impl.WebElementSelector.findElement(WebElementSelector.java:73)\r\n\tat com.codeborne.selenide.impl.WebElementSelector.findElement(WebElementSelector.java:46)\r\n\tat com.codeborne.selenide.impl.WebElementSelector.findElement(WebElementSelector.java:35)\r\n\tat com.codeborne.selenide.impl.ElementFinder.getWebElement(ElementFinder.java:122)\r\n\tat com.codeborne.selenide.impl.WebElementSource.checkConditionAndReturnElement(WebElementSource.java:115)\r\n\t... 100 more\r\n"},"stage":"finished","steps":[{"name":"$(\"By.xpath: //a[contains(text(), 'Добавить')]\") should(interactable)","status":"passed","stage":"finished","steps":[],"attachments":[],"parameters":[],"start":1729697162824,"stop":1729697162839},{"name":"$(\"By.xpath: //a[contains(text(), 'Добавить')]\") click()","status":"passed","stage":"finished","steps":[],"attachments":[],"parameters":[],"start":1729697162839,"stop":1729697166134},{"name":"$(\"By.xpath: //h2[text()='Добавление задания']\") should(be visible)","status":"passed","stage":"finished","steps":[],"attachments":[],"parameters":[],"start":1729697166142,"stop":1729697167254},{"name":"Добавление общей информации","status":"passed","stage":"finished","steps":[{"name":"$(\"By.xpath: //*[contains(text(), 'Наименование')]/following-sibling::*//input[@type='text']\") should(interactable)","status":"passed","stage":"finished","steps":[],"attachments":[],"parameters":[],"start":1729697167254,"stop":1729697167269},{"name":"$(\"By.xpath: //*[contains(text(), 'Наименование')]/following-sibling::*//input[@type='text']\") set value(Дератизация авто 23102024)","status":"passed","stage":"finished","steps":[],"attachments":[],"parameters":[],"start":1729697167269,"stop":1729697167375},{"name":"$(\"By.xpath: //*[contains(text(), 'Период')]/following-sibling::*/*[1]/*/input[@type='text']\") should(interactable)","status":"passed","stage":"finished","steps":[],"attachments":[],"parameters":[],"start":1729697167376,"stop":1729697167389},{"name":"$(\"By.xpath: //*[contains(text(), 'Период')]/following-sibling::*/*[1]/*/input[@type='text']\") set value(23102024)","status":"passed","stage":"finished","steps":[],"attachments":[],"parameters":[],"start":1729697167389,"stop":1729697167431},{"name":"$(\"By.xpath: //*[contains(text(), 'Период')]/following-sibling::*/*[2]/*/input[@type='text']\") should(interactable)","status":"passed","stage":"finished","steps":[],"attachments":[],"parameters":[],"start":1729697167431,"stop":1729697167446},{"name":"$(\"By.xpath: //*[contains(text(), 'Период')]/following-sibling::*/*[2]/*/input[@type='text']\") set value(25102024)","status":"passed","stage":"finished","steps":[],"attachments":[],"parameters":[],"start":1729697167446,"stop":1729697167496},{"name":"$(\"By.xpath: //*[contains(text(), 'Мероприятие')]/following-sibling::*//*[@class='select2-selection select2-selection--single']\") should(interactable)","status":"passed","stage":"finished","steps":[],"attachments":[],"parameters":[],"start":1729697167497,"stop":1729697167511},{"name":"$(\"By.xpath: //*[contains(text(), 'Мероприятие')]/following-sibling::*//*[@class='select2-selection select2-selection--single']\") click()","status":"passed","stage":"finished","steps":[],"attachments":[],"parameters":[],"start":1729697167511,"stop":1729697167789},{"name":"$(\"By.xpath: //input[@class='select2-search__field']\") should(interactable)","status":"passed","stage":"finished","steps":[],"attachments":[],"parameters":[],"start":1729697167790,"stop":1729697167812},{"name":"$(\"By.xpath: //input[@class='select2-search__field']\") set value(Дератизация)","status":"passed","stage":"finished","steps":[],"attachments":[],"parameters":[],"start":1729697167812,"stop":1729697167865},{"name":"$(\"By.xpath: //input[@class='select2-search__field']\") press enter()","status":"passed","stage":"finished","steps":[],"attachments":[],"parameters":[],"start":1729697167865,"stop":1729697167910},{"name":"$(\"By.xpath: //button[contains(text(), 'Далее')]\") should(interactable)","status":"passed","stage":"finished","steps":[],"attachments":[],"parameters":[],"start":1729697167910,"stop":1729697167925},{"name":"$(\"By.xpath: //button[contains(text(), 'Далее')]\") click()","status":"passed","stage":"finished","steps":[],"attachments":[],"parameters":[],"start":1729697167925,"stop":1729697168395},{"name":"$(\"By.xpath: //h4[contains(text(), 'территорий')]\") should(be visible)","status":"passed","stage":"finished","steps":[],"attachments":[],"parameters":[],"start":1729697168396,"stop":1729697171957}],"attachments":[],"parameters":[{"name":"task","value":"entities.tasks.Task@32f35739"}],"start":1729697167254,"stop":1729697171957},{"name":"Добавление площадок","status":"passed","stage":"finished","steps":[{"name":"$(\"By.xpath: //*[contains(text(), 'Территория')]/following-sibling::*//*[@class='select2-selection select2-selection--single']\") should(interactable)","status":"passed","stage":"finished","steps":[],"attachments":[],"parameters":[],"start":1729697171957,"stop":1729697171971},{"name":"$(\"By.xpath: //*[contains(text(), 'Территория')]/following-sibling::*//*[@class='select2-selection select2-selection--single']\") click()","status":"passed","stage":"finished","steps":[],"attachments":[],"parameters":[],"start":1729697171972,"stop":1729697173417},{"name":"$(\"By.xpath: //input[@class='select2-search__field']\") should(interactable)","status":"passed","stage":"finished","steps":[],"attachments":[],"parameters":[],"start":1729697173418,"stop":1729697173455},{"name":"$(\"By.xpath: //input[@class='select2-search__field']\") set value(1)","status":"passed","stage":"finished","steps":[],"attachments":[],"parameters":[],"start":1729697173455,"stop":1729697173498},{"name":"$(\"By.xpath: //input[@class='select2-search__field']\") press enter()","status":"passed","stage":"finished","steps":[],"attachments":[],"parameters":[],"start":1729697173498,"stop":1729697173541},{"name":"$(\"By.xpath: //div[contains(text(), '1')]\") should(be visible)","status":"passed","stage":"finished","steps":[],"attachments":[],"parameters":[],"start":1729697173542,"stop":1729697175944},{"name":"$(\"By.xpath: //button[contains(text(), 'Выбрать площадку')]\") should(interactable)","status":"passed","stage":"finished","steps":[],"attachments":[],"parameters":[],"start":1729697175944,"stop":1729697175957},{"name":"$(\"By.xpath: //button[contains(text(), 'Выбрать площадку')]\") click()","status":"passed","stage":"finished","steps":[],"attachments":[],"parameters":[],"start":1729697175957,"stop":1729697177196},{"name":"$(\"By.xpath: //h2[contains(text(), 'Все площадки владельцев')]\") should(be visible)","status":"passed","stage":"finished","steps":[],"attachments":[],"parameters":[],"start":1729697177196,"stop":1729697178148},{"name":"$(\"By.xpath: //button[contains(text(), 'Фильтры')]\") should(interactable)","status":"passed","stage":"finished","steps":[],"attachments":[],"parameters":[],"start":1729697178148,"stop":1729697178162},{"name":"$(\"By.xpath: //button[contains(text(), 'Фильтры')]\") click()","status":"passed","stage":"finished","steps":[],"attachments":[],"parameters":[],"start":1729697178162,"stop":1729697180446},{"name":"$(\"By.xpath: //button[contains(text(), 'Владелец и площадка')]\") should(interactable)","status":"passed","stage":"finished","steps":[],"attachments":[],"parameters":[],"start":1729697180446,"stop":1729697180468},{"name":"$(\"By.xpath: //button[contains(text(), 'Владелец и площадка')]\") click()","status":"passed","stage":"finished","steps":[],"attachments":[],"parameters":[],"start":1729697180468,"stop":1729697180711},{"name":"$(\"By.xpath: //*[contains(text(), 'Наименование площадки')]//input\") should(interactable)","status":"passed","stage":"finished","steps":[],"attachments":[],"parameters":[],"start":1729697180711,"stop":1729697180736},{"name":"$(\"By.xpath: //*[contains(text(), 'Наименование площадки')]//input\") set value(Комкон)","status":"passed","stage":"finished","steps":[],"attachments":[],"parameters":[],"start":1729697180736,"stop":1729697180792},{"name":"$(\"By.xpath: //*[@aria-labelledby='tableFilterModalLabel']//button[contains(text(), 'Применить')]\") should(interactable)","status":"passed","stage":"finished","steps":[],"attachments":[],"parameters":[],"start":1729697180792,"stop":1729697180805},{"name":"$(\"By.xpath: //*[@aria-labelledby='tableFilterModalLabel']//button[contains(text(), 'Применить')]\") click()","status":"passed","stage":"finished","steps":[],"attachments":[],"parameters":[],"start":1729697180805,"stop":1729697181084},{"name":"$(\"By.xpath: //div[contains(text(), 'не найдено')]\") is displayed()","status":"passed","stage":"finished","steps":[],"attachments":[],"parameters":[],"start":1729697181085,"stop":1729697181093},{"name":"$(\"By.xpath: //button[contains(text(), 'Добавить в список')]\") should(interactable)","status":"passed","stage":"finished","steps":[],"attachments":[],"parameters":[],"start":1729697181094,"stop":1729697181114},{"name":"$(\"By.xpath: //button[contains(text(), 'Добавить в список')]\") click()","status":"passed","stage":"finished","steps":[],"attachments":[],"parameters":[],"start":1729697181114,"stop":1729697182337},{"name":"$(\"By.xpath: //div[1]/div[contains(text(), 'Комкон')]\") should(interactable)","status":"passed","stage":"finished","steps":[],"attachments":[],"parameters":[],"start":1729697182338,"stop":1729697182373},{"name":"$(\"By.xpath: //div[1]/div[contains(text(), 'Комкон')]\") click()","status":"passed","stage":"finished","steps":[],"attachments":[],"parameters":[],"start":1729697182373,"stop":1729697183749},{"name":"$(\"By.xpath: //button[contains(text(), 'Добавить в список')]\") should(interactable)","status":"passed","stage":"finished","steps":[],"attachments":[],"parameters":[],"start":1729697183749,"stop":1729697183771},{"name":"$(\"By.xpath: //button[contains(text(), 'Добавить в список')]\") click()","status":"passed","stage":"finished","steps":[],"attachments":[],"parameters":[],"start":1729697183771,"stop":1729697184014},{"name":"$(\"By.xpath: //button[contains(text(), 'Фильтры')]\") should(interactable)","status":"passed","stage":"finished","steps":[],"attachments":[],"parameters":[],"start":1729697184014,"stop":1729697184029},{"name":"$(\"By.xpath: //button[contains(text(), 'Фильтры')]\") click()","status":"passed","stage":"finished","steps":[],"attachments":[],"parameters":[],"start":1729697184029,"stop":1729697184564},{"name":"$(\"By.xpath: //*[contains(text(), 'Наименование площадки')]//input\") should(interactable)","status":"passed","stage":"finished","steps":[],"attachments":[],"parameters":[],"start":1729697184564,"stop":1729697184584},{"name":"$(\"By.xpath: //*[contains(text(), 'Наименование площадки')]//input\") set value(Gwggw Shxhxu Hshs)","status":"passed","stage":"finished","steps":[],"attachments":[],"parameters":[],"start":1729697184584,"stop":1729697184642},{"name":"$(\"By.xpath: //*[@aria-labelledby='tableFilterModalLabel']//button[contains(text(), 'Применить')]\") should(interactable)","status":"passed","stage":"finished","steps":[],"attachments":[],"parameters":[],"start":1729697184642,"stop":1729697184657},{"name":"$(\"By.xpath: //*[@aria-labelledby='tableFilterModalLabel']//button[contains(text(), 'Применить')]\") click()","status":"passed","stage":"finished","steps":[],"attachments":[],"parameters":[],"start":1729697184657,"stop":1729697184949},{"name":"$(\"By.xpath: //div[contains(text(), 'не найдено')]\") is displayed()","status":"passed","stage":"finished","steps":[],"attachments":[],"parameters":[],"start":1729697184950,"stop":1729697184961},{"name":"$(\"By.xpath: //button[contains(text(), 'Добавить в список')]\") should(interactable)","status":"passed","stage":"finished","steps":[],"attachments":[],"parameters":[],"start":1729697184962,"stop":1729697184984},{"name":"$(\"By.xpath: //button[contains(text(), 'Добавить в список')]\") click()","status":"passed","stage":"finished","steps":[],"attachments":[],"parameters":[],"start":1729697184984,"stop":1729697185214},{"name":"$(\"By.xpath: //div[1]/div[contains(text(), 'Gwggw Shxhxu Hshs')]\") should(interactable)","status":"passed","stage":"finished","steps":[],"attachments":[],"parameters":[],"start":1729697185215,"stop":1729697186365},{"name":"$(\"By.xpath: //div[1]/div[contains(text(), 'Gwggw Shxhxu Hshs')]\") click()","status":"passed","stage":"finished","steps":[],"attachments":[],"parameters":[],"start":1729697186365,"stop":1729697187912},{"name":"$(\"By.xpath: //button[contains(text(), 'Добавить в список')]\") should(interactable)","status":"passed","stage":"finished","steps":[],"attachments":[],"parameters":[],"start":1729697187912,"stop":1729697187929},{"name":"$(\"By.xpath: //button[contains(text(), 'Добавить в список')]\") click()","status":"passed","stage":"finished","steps":[],"attachments":[],"parameters":[],"start":1729697187929,"stop":1729697188162},{"name":"$(\"By.xpath: //button[contains(text(), 'Вернуться ')]\") should(interactable)","status":"passed","stage":"finished","steps":[],"attachments":[],"parameters":[],"start":1729697188162,"stop":1729697188179},{"name":"$(\"By.xpath: //button[contains(text(), 'Вернуться ')]\") click()","status":"passed","stage":"finished","steps":[],"attachments":[],"parameters":[],"start":1729697188179,"stop":1729697189539},{"name":"$(\"By.xpath: //button[contains(text(), 'Далее')]\") should(interactable)","status":"passed","stage":"finished","steps":[],"attachments":[],"parameters":[],"start":1729697189539,"stop":1729697193047},{"name":"$(\"By.xpath: //button[contains(text(), 'Далее')]\") click()","status":"passed","stage":"finished","steps":[],"attachments":[],"parameters":[],"start":1729697193047,"stop":1729697194707}],"attachments":[],"parameters":[{"name":"task","value":"entities.tasks.Task@32f35739"}],"start":1729697171957,"stop":1729697194707},{"name":"$(\"By.xpath: //h4[contains(text(), 'Настройки выполнения')]\") should(be visible)","status":"passed","stage":"finished","steps":[],"attachments":[],"parameters":[],"start":1729697194844,"stop":1729697195765},{"name":"Переход к следующему шагу","status":"passed","stage":"finished","steps":[{"name":"$(\"By.xpath: //*[@class='modal-busy d-none']\") should(exist)","status":"passed","stage":"finished","steps":[],"attachments":[],"parameters":[],"start":1729697195765,"stop":1729697195780},{"name":"$(\"By.xpath: //button[contains(text(), 'Далее')]\") should([interactable, 10 s.])","status":"passed","stage":"finished","steps":[],"attachments":[],"parameters":[],"start":1729697195780,"stop":1729697195792},{"name":"$(\"By.xpath: //button[contains(text(), 'Далее')]\") click()","status":"passed","stage":"finished","steps":[],"attachments":[],"parameters":[],"start":1729697195793,"stop":1729697196028}],"attachments":[],"parameters":[],"start":1729697195765,"stop":1729697196029},{"name":"$(\"By.xpath: //h2[text()='Новое задание']\") should(be visible)","status":"failed","statusDetails":{"known":false,"muted":false,"flaky":false,"message":"Element not found {By.xpath: //h2[text()='Новое задание']}\r\nExpected: be visible\r\nScreenshot: file:/C:/Users/User/Desktop/mentor/build/reports/tests/1729697221086.0.png\r\nPage source: file:/C:/Users/User/Desktop/mentor/build/reports/tests/1729697221086.0.html\r\nTimeout: 25 s.\r\nCaused by: NoSuchElementException: Unable to locate element: //h2[text()='Новое задание']","trace":"Element not found {By.xpath: //h2[text()='Новое задание']}\r\nExpected: be visible\r\nScreenshot: file:/C:/Users/User/Desktop/mentor/build/reports/tests/1729697221086.0.png\r\nPage source: file:/C:/Users/User/Desktop/mentor/build/reports/tests/1729697221086.0.html\r\nTimeout: 25 s.\r\nCaused by: NoSuchElementException: Unable to locate element: //h2[text()='Новое задание']\r\n\tat com.codeborne.selenide.impl.WebElementSource.createElementNotFoundError(WebElementSource.java:90)\r\n\tat com.codeborne.selenide.impl.ElementFinder.createElementNotFoundError(ElementFinder.java:142)\r\n\tat com.codeborne.selenide.impl.WebElementSource.handleError(WebElementSource.java:142)\r\n\tat com.codeborne.selenide.impl.WebElementSource.checkConditionAndReturnElement(WebElementSource.java:126)\r\n\tat com.codeborne.selenide.impl.WebElementSource.checkCondition(WebElementSource.java:103)\r\n\tat com.codeborne.selenide.commands.Should.execute(Should.java:30)\r\n\tat com.codeborne.selenide.commands.Should.execute(Should.java:14)\r\n\tat com.codeborne.selenide.commands.Commands.execute(Commands.java:162)\r\n\tat com.codeborne.selenide.impl.SelenideElementProxy.dispatchAndRetry(SelenideElementProxy.java:134)\r\n\tat com.codeborne.selenide.impl.SelenideElementProxy.invoke(SelenideElementProxy.java:86)\r\n\tat jdk.proxy3/jdk.proxy3.$Proxy26.should(Unknown Source)\r\n\tat steps.task.EditTaskSteps.<init>(EditTaskSteps.java:18)\r\n\tat steps.lists.TasksListSteps.addNewTask(TasksListSteps.java:52)\r\n\tat uitests.tasks.AddNewDeratizationTaskTest.addNewDeratizationTask(AddNewDeratizationTaskTest.java:63)\r\n\tat java.base/jdk.internal.reflect.NativeMethodAccessorImpl.invoke0(Native Method)\r\n\tat java.base/jdk.internal.reflect.NativeMethodAccessorImpl.invoke(NativeMethodAccessorImpl.java:77)\r\n\tat java.base/jdk.internal.reflect.DelegatingMethodAccessorImpl.invoke(DelegatingMethodAccessorImpl.java:43)\r\n\tat java.base/java.lang.reflect.Method.invoke(Method.java:568)\r\n\tat org.junit.platform.commons.util.ReflectionUtils.invokeMethod(ReflectionUtils.java:728)\r\n\tat org.junit.jupiter.engine.execution.MethodInvocation.proceed(MethodInvocation.java:60)\r\n\tat org.junit.jupiter.engine.execution.InvocationInterceptorChain$ValidatingInvocation.proceed(InvocationInterceptorChain.java:131)\r\n\tat org.junit.jupiter.api.extension.InvocationInterceptor.interceptTestMethod(InvocationInterceptor.java:119)\r\n\tat org.junit.jupiter.engine.execution.InterceptingExecutableInvoker$ReflectiveInterceptorCall.lambda$ofVoidMethod$0(InterceptingExecutableInvoker.java:103)\r\n\tat org.junit.jupiter.engine.execution.InterceptingExecutableInvoker.lambda$invoke$0(InterceptingExecutableInvoker.java:93)\r\n\tat org.junit.jupiter.engine.execution.InvocationInterceptorChain$InterceptedInvocation.proceed(InvocationInterceptorChain.java:106)\r\n\tat org.junit.jupiter.engine.extension.TimeoutExtension.intercept(TimeoutExtension.java:156)\r\n\tat org.junit.jupiter.engine.extension.TimeoutExtension.interceptTestableMethod(TimeoutExtension.java:147)\r\n\tat org.junit.jupiter.engine.extension.TimeoutExtension.interceptTestMethod(TimeoutExtension.java:86)\r\n\tat org.junit.jupiter.engine.execution.InterceptingExecutableInvoker$ReflectiveInterceptorCall.lambda$ofVoidMethod$0(InterceptingExecutableInvoker.java:103)\r\n\tat org.junit.jupiter.engine.execution.InterceptingExecutableInvoker.lambda$invoke$0(InterceptingExecutableInvoker.java:93)\r\n\tat org.junit.jupiter.engine.execution.InvocationInterceptorChain$InterceptedInvocation.proceed(InvocationInterceptorChain.java:106)\r\n\tat org.junit.jupiter.engine.execution.InvocationInterceptorChain.proceed(InvocationInterceptorChain.java:64)\r\n\tat org.junit.jupiter.engine.execution.InvocationInterceptorChain.chainAndInvoke(InvocationInterceptorChain.java:45)\r\n\tat org.junit.jupiter.engine.execution.InvocationInterceptorChain.invoke(InvocationInterceptorChain.java:37)\r\n\tat org.junit.jupiter.engine.execution.InterceptingExecutableInvoker.invoke(InterceptingExecutableInvoker.java:92)\r\n\tat org.junit.jupiter.engine.execution.InterceptingExecutableInvoker.invoke(InterceptingExecutableInvoker.java:86)\r\n\tat org.junit.jupiter.engine.descriptor.TestMethodTestDescriptor.lambda$invokeTestMethod$7(TestMethodTestDescriptor.java:218)\r\n\tat org.junit.platform.engine.support.hierarchical.ThrowableCollector.execute(ThrowableCollector.java:73)\r\n\tat org.junit.jupiter.engine.descriptor.TestMethodTestDescriptor.invokeTestMethod(TestMethodTestDescriptor.java:214)\r\n\tat org.junit.jupiter.engine.descriptor.TestMethodTestDescriptor.execute(TestMethodTestDescriptor.java:139)\r\n\tat org.junit.jupiter.engine.descriptor.TestMethodTestDescriptor.execute(TestMethodTestDescriptor.java:69)\r\n\tat org.junit.platform.engine.support.hierarchical.NodeTestTask.lambda$executeRecursively$6(NodeTestTask.java:151)\r\n\tat org.junit.platform.engine.support.hierarchical.ThrowableCollector.execute(ThrowableCollector.java:73)\r\n\tat org.junit.platform.engine.support.hierarchical.NodeTestTask.lambda$executeRecursively$8(NodeTestTask.java:141)\r\n\tat org.junit.platform.engine.support.hierarchical.Node.around(Node.java:137)\r\n\tat org.junit.platform.engine.support.hierarchical.NodeTestTask.lambda$executeRecursively$9(NodeTestTask.java:139)\r\n\tat org.junit.platform.engine.support.hierarchical.ThrowableCollector.execute(ThrowableCollector.java:73)\r\n\tat org.junit.platform.engine.support.hierarchical.NodeTestTask.executeRecursively(NodeTestTask.java:138)\r\n\tat org.junit.platform.engine.support.hierarchical.NodeTestTask.execute(NodeTestTask.java:95)\r\n\tat java.base/java.util.ArrayList.forEach(ArrayList.java:1511)\r\n\tat org.junit.platform.engine.support.hierarchical.SameThreadHierarchicalTestExecutorService.invokeAll(SameThreadHierarchicalTestExecutorService.java:41)\r\n\tat org.junit.platform.engine.support.hierarchical.NodeTestTask.lambda$executeRecursively$6(NodeTestTask.java:155)\r\n\tat org.junit.platform.engine.support.hierarchical.ThrowableCollector.execute(ThrowableCollector.java:73)\r\n\tat org.junit.platform.engine.support.hierarchical.NodeTestTask.lambda$executeRecursively$8(NodeTestTask.java:141)\r\n\tat org.junit.platform.engine.support.hierarchical.Node.around(Node.java:137)\r\n\tat org.junit.platform.engine.support.hierarchical.NodeTestTask.lambda$executeRecursively$9(NodeTestTask.java:139)\r\n\tat org.junit.platform.engine.support.hierarchical.ThrowableCollector.execute(ThrowableCollector.java:73)\r\n\tat org.junit.platform.engine.support.hierarchical.NodeTestTask.executeRecursively(NodeTestTask.java:138)\r\n\tat org.junit.platform.engine.support.hierarchical.NodeTestTask.execute(NodeTestTask.java:95)\r\n\tat java.base/java.util.ArrayList.forEach(ArrayList.java:1511)\r\n\tat org.junit.platform.engine.support.hierarchical.SameThreadHierarchicalTestExecutorService.invokeAll(SameThreadHierarchicalTestExecutorService.java:41)\r\n\tat org.junit.platform.engine.support.hierarchical.NodeTestTask.lambda$executeRecursively$6(NodeTestTask.java:155)\r\n\tat org.junit.platform.engine.support.hierarchical.ThrowableCollector.execute(ThrowableCollector.java:73)\r\n\tat org.junit.platform.engine.support.hierarchical.NodeTestTask.lambda$executeRecursively$8(NodeTestTask.java:141)\r\n\tat org.junit.platform.engine.support.hierarchical.Node.around(Node.java:137)\r\n\tat org.junit.platform.engine.support.hierarchical.NodeTestTask.lambda$executeRecursively$9(NodeTestTask.java:139)\r\n\tat org.junit.platform.engine.support.hierarchical.ThrowableCollector.execute(ThrowableCollector.java:73)\r\n\tat org.junit.platform.engine.support.hierarchical.NodeTestTask.executeRecursively(NodeTestTask.java:138)\r\n\tat org.junit.platform.engine.support.hierarchical.NodeTestTask.execute(NodeTestTask.java:95)\r\n\tat org.junit.platform.engine.support.hierarchical.SameThreadHierarchicalTestExecutorService.submit(SameThreadHierarchicalTestExecutorService.java:35)\r\n\tat org.junit.platform.engine.support.hierarchical.HierarchicalTestExecutor.execute(HierarchicalTestExecutor.java:57)\r\n\tat org.junit.platform.engine.support.hierarchical.HierarchicalTestEngine.execute(HierarchicalTestEngine.java:54)\r\n\tat org.junit.platform.launcher.core.EngineExecutionOrchestrator.execute(EngineExecutionOrchestrator.java:198)\r\n\tat org.junit.platform.launcher.core.EngineExecutionOrchestrator.execute(EngineExecutionOrchestrator.java:169)\r\n\tat org.junit.platform.launcher.core.EngineExecutionOrchestrator.execute(EngineExecutionOrchestrator.java:93)\r\n\tat org.junit.platform.launcher.core.EngineExecutionOrchestrator.lambda$execute$0(EngineExecutionOrchestrator.java:58)\r\n\tat org.junit.platform.launcher.core.EngineExecutionOrchestrator.withInterceptedStreams(EngineExecutionOrchestrator.java:141)\r\n\tat org.junit.platform.launcher.core.EngineExecutionOrchestrator.execute(EngineExecutionOrchestrator.java:57)\r\n\tat org.junit.platform.launcher.core.DefaultLauncher.execute(DefaultLauncher.java:103)\r\n\tat org.junit.platform.launcher.core.DefaultLauncher.execute(DefaultLauncher.java:85)\r\n\tat org.junit.platform.launcher.core.DelegatingLauncher.execute(DelegatingLauncher.java:47)\r\n\tat org.junit.platform.launcher.core.SessionPerRequestLauncher.execute(SessionPerRequestLauncher.java:63)\r\n\tat org.gradle.api.internal.tasks.testing.junitplatform.JUnitPlatformTestClassProcessor$CollectAllTestClassesExecutor.processAllTestClasses(JUnitPlatformTestClassProcessor.java:99)\r\n\tat org.gradle.api.internal.tasks.testing.junitplatform.JUnitPlatformTestClassProcessor$CollectAllTestClassesExecutor.access$000(JUnitPlatformTestClassProcessor.java:79)\r\n\tat org.gradle.api.internal.tasks.testing.junitplatform.JUnitPlatformTestClassProcessor.stop(JUnitPlatformTestClassProcessor.java:75)\r\n\tat org.gradle.api.internal.tasks.testing.SuiteTestClassProcessor.stop(SuiteTestClassProcessor.java:61)\r\n\tat java.base/jdk.internal.reflect.NativeMethodAccessorImpl.invoke0(Native Method)\r\n\tat java.base/jdk.internal.reflect.NativeMethodAccessorImpl.invoke(NativeMethodAccessorImpl.java:77)\r\n\tat java.base/jdk.internal.reflect.DelegatingMethodAccessorImpl.invoke(DelegatingMethodAccessorImpl.java:43)\r\n\tat java.base/java.lang.reflect.Method.invoke(Method.java:568)\r\n\tat org.gradle.internal.dispatch.ReflectionDispatch.dispatch(ReflectionDispatch.java:36)\r\n\tat org.gradle.internal.dispatch.ReflectionDispatch.dispatch(ReflectionDispatch.java:24)\r\n\tat org.gradle.internal.dispatch.ContextClassLoaderDispatch.dispatch(ContextClassLoaderDispatch.java:33)\r\n\tat org.gradle.internal.dispatch.ProxyDispatchAdapter$DispatchingInvocationHandler.invoke(ProxyDispatchAdapter.java:94)\r\n\tat jdk.proxy1/jdk.proxy1.$Proxy2.stop(Unknown Source)\r\n\tat org.gradle.api.internal.tasks.testing.worker.TestWorker$3.run(TestWorker.java:193)\r\n\tat org.gradle.api.internal.tasks.testing.worker.TestWorker.executeAndMaintainThreadName(TestWorker.java:129)\r\n\tat org.gradle.api.internal.tasks.testing.worker.TestWorker.execute(TestWorker.java:100)\r\n\tat org.gradle.api.internal.tasks.testing.worker.TestWorker.execute(TestWorker.java:60)\r\n\tat org.gradle.process.internal.worker.child.ActionExecutionWorker.execute(ActionExecutionWorker.java:56)\r\n\tat org.gradle.process.internal.worker.child.SystemApplicationClassLoaderWorker.call(SystemApplicationClassLoaderWorker.java:133)\r\n\tat org.gradle.process.internal.worker.child.SystemApplicationClassLoaderWorker.call(SystemApplicationClassLoaderWorker.java:71)\r\n\tat worker.org.gradle.process.internal.worker.GradleWorkerMain.run(GradleWorkerMain.java:69)\r\n\tat worker.org.gradle.process.internal.worker.GradleWorkerMain.main(GradleWorkerMain.java:74)\r\nCaused by: org.openqa.selenium.NoSuchElementException: Unable to locate element: //h2[text()='Новое задание']\nFor documentation on this error, please visit: https://www.selenium.dev/documentation/webdriver/troubleshooting/errors#no-such-element-exception\nBuild info: version: '4.23.0', revision: '4df0a231af'\nSystem info: os.name: 'Windows 10', os.arch: 'amd64', os.version: '10.0', java.version: '17.0.12'\nDriver info: org.openqa.selenium.firefox.FirefoxDriver\nCommand: [b7a702cf-5cdd-4866-9562-5d34ea0bfe15, findElement {using=xpath, value=//h2[text()='Новое задание']}]\nCapabilities {acceptInsecureCerts: true, browserName: firefox, browserVersion: 131.0.3, moz:accessibilityChecks: false, moz:buildID: 20241011205646, moz:debuggerAddress: 127.0.0.1:43082, moz:geckodriverVersion: 0.35.0, moz:headless: false, moz:platformVersion: 10.0, moz:processID: 20404, moz:profile: C:\\Users\\User\\AppData\\Local..., moz:shutdownTimeout: 60000, moz:webdriverClick: true, moz:windowless: false, pageLoadStrategy: normal, platformName: windows, proxy: Proxy(), se:cdp: ws://127.0.0.1:43082/devtoo..., se:cdpVersion: 85.0, setWindowRect: true, strictFileInteractability: false, timeouts: {implicit: 0, pageLoad: 300000, script: 30000}, unhandledPromptBehavior: accept, userAgent: Mozilla/5.0 (Windows NT 10....}\nSession ID: b7a702cf-5cdd-4866-9562-5d34ea0bfe15\r\n\tat jdk.internal.reflect.GeneratedConstructorAccessor29.newInstance(Unknown Source)\r\n\tat java.base/jdk.internal.reflect.DelegatingConstructorAccessorImpl.newInstance(DelegatingConstructorAccessorImpl.java:45)\r\n\tat java.base/java.lang.reflect.Constructor.newInstanceWithCaller(Constructor.java:499)\r\n\tat java.base/java.lang.reflect.Constructor.newInstance(Constructor.java:480)\r\n\tat org.openqa.selenium.remote.ErrorCodec.decode(ErrorCodec.java:167)\r\n\tat org.openqa.selenium.remote.codec.w3c.W3CHttpResponseCodec.decode(W3CHttpResponseCodec.java:138)\r\n\tat org.openqa.selenium.remote.codec.w3c.W3CHttpResponseCodec.decode(W3CHttpResponseCodec.java:50)\r\n\tat org.openqa.selenium.remote.HttpCommandExecutor.execute(HttpCommandExecutor.java:190)\r\n\tat org.openqa.selenium.remote.service.DriverCommandExecutor.invokeExecute(DriverCommandExecutor.java:216)\r\n\tat org.openqa.selenium.remote.service.DriverCommandExecutor.execute(DriverCommandExecutor.java:174)\r\n\tat org.openqa.selenium.remote.RemoteWebDriver.execute(RemoteWebDriver.java:527)\r\n\tat org.openqa.selenium.remote.ElementLocation$ElementFinder$2.findElement(ElementLocation.java:165)\r\n\tat org.openqa.selenium.remote.ElementLocation.findElement(ElementLocation.java:59)\r\n\tat org.openqa.selenium.remote.RemoteWebDriver.findElement(RemoteWebDriver.java:357)\r\n\tat org.openqa.selenium.remote.RemoteWebDriver.findElement(RemoteWebDriver.java:351)\r\n\tat com.codeborne.selenide.impl.WebElementSelector.findElement(WebElementSelector.java:73)\r\n\tat com.codeborne.selenide.impl.WebElementSelector.findElement(WebElementSelector.java:46)\r\n\tat com.codeborne.selenide.impl.WebElementSelector.findElement(WebElementSelector.java:35)\r\n\tat com.codeborne.selenide.impl.ElementFinder.getWebElement(ElementFinder.java:122)\r\n\tat com.codeborne.selenide.impl.WebElementSource.checkConditionAndReturnElement(WebElementSource.java:115)\r\n\t... 100 more\r\n"},"stage":"finished","steps":[],"attachments":[{"name":"Screenshot","source":"6170dc81-de29-4de0-8570-87b416ed6e68-attachment.png","type":"image/png"},{"name":"Page source","source":"c74c7525-8751-4a42-b5f9-c4d4ce43deb0-attachment.html","type":"text/html"}],"parameters":[],"start":1729697196032,"stop":1729697221269}],"attachments":[],"parameters":[{"name":"task","value":"entities.tasks.Task@32f35739"}],"start":1729697162823,"stop":1729697221270}],"attachments":[],"parameters":[],"start":1729697159055,"stop":1729697221286}